<?xml version="1.0" encoding="UTF-8"?>
<coverage generated="1766036597906" clover="3.2.0">
  <project timestamp="1766036597906" name="All files">
    <metrics statements="77" coveredstatements="41" conditionals="56" coveredconditionals="41" methods="41" coveredmethods="20" elements="174" coveredelements="102" complexity="0" loc="77" ncloc="77" packages="5" files="9" classes="9"/>
    <package name="src">
      <metrics statements="11" coveredstatements="6" conditionals="4" coveredconditionals="2" methods="6" coveredmethods="3"/>
      <file name="App.tsx" path="C:\Users\v-tianji\Desktop\ghcpd\oswe-mini-prime-new\vocab-app\src\App.tsx">
        <metrics statements="11" coveredstatements="6" conditionals="4" coveredconditionals="2" methods="6" coveredmethods="3"/>
        <line num="10" count="3" type="cond" truecount="2" falsecount="2"/>
        <line num="12" count="0" type="stmt"/>
        <line num="14" count="0" type="stmt"/>
        <line num="16" count="1" type="stmt"/>
        <line num="18" count="2" type="stmt"/>
        <line num="23" count="4" type="stmt"/>
        <line num="24" count="4" type="stmt"/>
        <line num="31" count="0" type="stmt"/>
        <line num="32" count="0" type="stmt"/>
        <line num="33" count="0" type="stmt"/>
        <line num="34" count="1" type="stmt"/>
      </file>
    </package>
    <package name="src.components">
      <metrics statements="4" coveredstatements="4" conditionals="12" coveredconditionals="12" methods="3" coveredmethods="3"/>
      <file name="Header.tsx" path="C:\Users\v-tianji\Desktop\ghcpd\oswe-mini-prime-new\vocab-app\src\components\Header.tsx">
        <metrics statements="1" coveredstatements="1" conditionals="0" coveredconditionals="0" methods="1" coveredmethods="1"/>
        <line num="4" count="3" type="stmt"/>
      </file>
      <file name="WordCard.tsx" path="C:\Users\v-tianji\Desktop\ghcpd\oswe-mini-prime-new\vocab-app\src\components\WordCard.tsx">
        <metrics statements="3" coveredstatements="3" conditionals="12" coveredconditionals="12" methods="2" coveredmethods="2"/>
        <line num="6" count="15" type="stmt"/>
        <line num="7" count="15" type="stmt"/>
        <line num="17" count="1" type="stmt"/>
      </file>
    </package>
    <package name="src.data">
      <metrics statements="1" coveredstatements="1" conditionals="0" coveredconditionals="0" methods="0" coveredmethods="0"/>
      <file name="mockWords.ts" path="C:\Users\v-tianji\Desktop\ghcpd\oswe-mini-prime-new\vocab-app\src\data\mockWords.ts">
        <metrics statements="1" coveredstatements="1" conditionals="0" coveredconditionals="0" methods="0" coveredmethods="0"/>
        <line num="3" count="3" type="stmt"/>
      </file>
    </package>
    <package name="src.state">
      <metrics statements="25" coveredstatements="23" conditionals="28" coveredconditionals="24" methods="9" coveredmethods="9"/>
      <file name="store.tsx" path="C:\Users\v-tianji\Desktop\ghcpd\oswe-mini-prime-new\vocab-app\src\state\store.tsx">
        <metrics statements="25" coveredstatements="23" conditionals="28" coveredconditionals="24" methods="9" coveredmethods="9"/>
        <line num="5" count="3" type="stmt"/>
        <line num="11" count="6" type="cond" truecount="3" falsecount="1"/>
        <line num="13" count="3" type="stmt"/>
        <line num="14" count="15" type="cond" truecount="6" falsecount="0"/>
        <line num="16" count="15" type="cond" truecount="2" falsecount="0"/>
        <line num="17" count="3" type="stmt"/>
        <line num="20" count="2" type="stmt"/>
        <line num="21" count="10" type="cond" truecount="2" falsecount="0"/>
        <line num="22" count="2" type="cond" truecount="2" falsecount="0"/>
        <line num="23" count="10" type="cond" truecount="3" falsecount="1"/>
        <line num="24" count="10" type="cond" truecount="2" falsecount="0"/>
        <line num="25" count="10" type="cond" truecount="1" falsecount="1"/>
        <line num="26" count="0" type="stmt"/>
        <line num="27" count="2" type="stmt"/>
        <line num="29" count="10" type="cond" truecount="2" falsecount="0"/>
        <line num="30" count="2" type="stmt"/>
        <line num="33" count="1" type="stmt"/>
        <line num="35" count="0" type="stmt"/>
        <line num="39" count="3" type="stmt"/>
        <line num="41" count="3" type="stmt"/>
        <line num="42" count="5" type="stmt"/>
        <line num="43" count="5" type="stmt"/>
        <line num="47" count="19" type="stmt"/>
        <line num="48" count="19" type="cond" truecount="1" falsecount="1"/>
        <line num="49" count="19" type="stmt"/>
      </file>
    </package>
    <package name="src.views">
      <metrics statements="36" coveredstatements="7" conditionals="12" coveredconditionals="3" methods="23" coveredmethods="5"/>
      <file name="QuizView.tsx" path="C:\Users\v-tianji\Desktop\ghcpd\oswe-mini-prime-new\vocab-app\src\views\QuizView.tsx">
        <metrics statements="20" coveredstatements="0" conditionals="6" coveredconditionals="0" methods="12" coveredmethods="0"/>
        <line num="5" count="0" type="stmt"/>
        <line num="9" count="0" type="stmt"/>
        <line num="10" count="0" type="stmt"/>
        <line num="11" count="0" type="stmt"/>
        <line num="12" count="0" type="stmt"/>
        <line num="13" count="0" type="stmt"/>
        <line num="14" count="0" type="cond" truecount="0" falsecount="2"/>
        <line num="16" count="0" type="stmt"/>
        <line num="17" count="0" type="stmt"/>
        <line num="18" count="0" type="stmt"/>
        <line num="19" count="0" type="stmt"/>
        <line num="23" count="0" type="cond" truecount="0" falsecount="2"/>
        <line num="24" count="0" type="stmt"/>
        <line num="25" count="0" type="stmt"/>
        <line num="26" count="0" type="stmt"/>
        <line num="27" count="0" type="stmt"/>
        <line num="30" count="0" type="stmt"/>
        <line num="37" count="0" type="stmt"/>
        <line num="40" count="0" type="stmt"/>
        <line num="47" count="0" type="stmt"/>
      </file>
      <file name="ReviewView.tsx" path="C:\Users\v-tianji\Desktop\ghcpd\oswe-mini-prime-new\vocab-app\src\views\ReviewView.tsx">
        <metrics statements="4" coveredstatements="4" conditionals="4" coveredconditionals="3" methods="3" coveredmethods="3"/>
        <line num="5" count="1" type="stmt"/>
        <line num="6" count="5" type="cond" truecount="2" falsecount="0"/>
        <line num="7" count="1" type="stmt"/>
        <line num="15" count="1" type="stmt"/>
      </file>
      <file name="StudyView.tsx" path="C:\Users\v-tianji\Desktop\ghcpd\oswe-mini-prime-new\vocab-app\src\views\StudyView.tsx">
        <metrics statements="9" coveredstatements="0" conditionals="2" coveredconditionals="0" methods="6" coveredmethods="0"/>
        <line num="5" count="0" type="stmt"/>
        <line num="6" count="0" type="stmt"/>
        <line num="7" count="0" type="stmt"/>
        <line num="8" count="0" type="stmt"/>
        <line num="9" count="0" type="cond" truecount="0" falsecount="2"/>
        <line num="11" count="0" type="stmt"/>
        <line num="18" count="0" type="stmt"/>
        <line num="23" count="0" type="stmt"/>
        <line num="29" count="0" type="stmt"/>
      </file>
      <file name="WordListView.tsx" path="C:\Users\v-tianji\Desktop\ghcpd\oswe-mini-prime-new\vocab-app\src\views\WordListView.tsx">
        <metrics statements="3" coveredstatements="3" conditionals="0" coveredconditionals="0" methods="2" coveredmethods="2"/>
        <line num="6" count="3" type="stmt"/>
        <line num="7" count="3" type="stmt"/>
        <line num="12" count="15" type="stmt"/>
      </file>
    </package>
  </project>
</coverage>
