{"C:\\Users\\v-tianji\\Desktop\\ghcpd\\oswe-mini-prime-new\\vocab-app\\src\\App.tsx": {"path":"C:\\Users\\v-tianji\\Desktop\\ghcpd\\oswe-mini-prime-new\\vocab-app\\src\\App.tsx","statementMap":{"0":{"start":{"line":10,"column":2},"end":{"line":19,"column":null}},"1":{"start":{"line":12,"column":6},"end":{"line":12,"column":null}},"2":{"start":{"line":14,"column":6},"end":{"line":14,"column":null}},"3":{"start":{"line":16,"column":6},"end":{"line":16,"column":null}},"4":{"start":{"line":18,"column":6},"end":{"line":18,"column":null}},"5":{"start":{"line":23,"column":22},"end":{"line":23,"column":null}},"6":{"start":{"line":24,"column":2},"end":{"line":48,"column":null}},"7":{"start":{"line":31,"column":76},"end":{"line":31,"column":93}},"8":{"start":{"line":32,"column":76},"end":{"line":32,"column":94}},"9":{"start":{"line":33,"column":76},"end":{"line":33,"column":93}},"10":{"start":{"line":34,"column":76},"end":{"line":34,"column":95}}},"fnMap":{"0":{"name":"Content","decl":{"start":{"line":9,"column":9},"end":{"line":9,"column":17}},"loc":{"start":{"line":9,"column":45},"end":{"line":20,"column":null}},"line":9},"1":{"name":"App","decl":{"start":{"line":22,"column":24},"end":{"line":22,"column":30}},"loc":{"start":{"line":22,"column":30},"end":{"line":50,"column":null}},"line":22},"2":{"name":"(anonymous_2)","decl":{"start":{"line":31,"column":70},"end":{"line":31,"column":76}},"loc":{"start":{"line":31,"column":76},"end":{"line":31,"column":93}},"line":31},"3":{"name":"(anonymous_3)","decl":{"start":{"line":32,"column":70},"end":{"line":32,"column":76}},"loc":{"start":{"line":32,"column":76},"end":{"line":32,"column":94}},"line":32},"4":{"name":"(anonymous_4)","decl":{"start":{"line":33,"column":70},"end":{"line":33,"column":76}},"loc":{"start":{"line":33,"column":76},"end":{"line":33,"column":93}},"line":33},"5":{"name":"(anonymous_5)","decl":{"start":{"line":34,"column":70},"end":{"line":34,"column":76}},"loc":{"start":{"line":34,"column":76},"end":{"line":34,"column":95}},"line":34}},"branchMap":{"0":{"loc":{"start":{"line":10,"column":2},"end":{"line":19,"column":null}},"type":"switch","locations":[{"start":{"line":11,"column":4},"end":{"line":12,"column":null}},{"start":{"line":13,"column":4},"end":{"line":14,"column":null}},{"start":{"line":15,"column":4},"end":{"line":16,"column":null}},{"start":{"line":17,"column":4},"end":{"line":18,"column":null}}],"line":10}},"s":{"0":3,"1":0,"2":0,"3":1,"4":2,"5":4,"6":4,"7":0,"8":0,"9":0,"10":1},"f":{"0":3,"1":4,"2":0,"3":0,"4":0,"5":1},"b":{"0":[0,0,1,2]},"meta":{"lastBranch":1,"lastFunction":6,"lastStatement":11,"seen":{"f:9:9:9:17":0,"b:11:4:12:Infinity:13:4:14:Infinity:15:4:16:Infinity:17:4:18:Infinity":0,"s:10:2:19:Infinity":0,"s:12:6:12:Infinity":1,"s:14:6:14:Infinity":2,"s:16:6:16:Infinity":3,"s:18:6:18:Infinity":4,"f:22:24:22:30":1,"s:23:22:23:Infinity":5,"s:24:2:48:Infinity":6,"f:31:70:31:76":2,"s:31:76:31:93":7,"f:32:70:32:76":3,"s:32:76:32:94":8,"f:33:70:33:76":4,"s:33:76:33:93":9,"f:34:70:34:76":5,"s:34:76:34:95":10}}}
,"C:\\Users\\v-tianji\\Desktop\\ghcpd\\oswe-mini-prime-new\\vocab-app\\src\\components\\Header.tsx": {"path":"C:\\Users\\v-tianji\\Desktop\\ghcpd\\oswe-mini-prime-new\\vocab-app\\src\\components\\Header.tsx","statementMap":{"0":{"start":{"line":4,"column":2},"end":{"line":12,"column":null}}},"fnMap":{"0":{"name":"Header","decl":{"start":{"line":3,"column":24},"end":{"line":3,"column":33}},"loc":{"start":{"line":3,"column":33},"end":{"line":14,"column":null}},"line":3}},"branchMap":{},"s":{"0":3},"f":{"0":3},"b":{},"meta":{"lastBranch":0,"lastFunction":1,"lastStatement":1,"seen":{"f:3:24:3:33":0,"s:4:2:12:Infinity":0}}}
,"C:\\Users\\v-tianji\\Desktop\\ghcpd\\oswe-mini-prime-new\\vocab-app\\src\\components\\WordCard.tsx": {"path":"C:\\Users\\v-tianji\\Desktop\\ghcpd\\oswe-mini-prime-new\\vocab-app\\src\\components\\WordCard.tsx","statementMap":{"0":{"start":{"line":6,"column":19},"end":{"line":6,"column":null}},"1":{"start":{"line":7,"column":2},"end":{"line":25,"column":null}},"2":{"start":{"line":17,"column":27},"end":{"line":17,"column":null}}},"fnMap":{"0":{"name":"WordCard","decl":{"start":{"line":5,"column":24},"end":{"line":5,"column":33}},"loc":{"start":{"line":5,"column":59},"end":{"line":27,"column":null}},"line":5},"1":{"name":"(anonymous_1)","decl":{"start":{"line":17,"column":21},"end":{"line":17,"column":27}},"loc":{"start":{"line":17,"column":27},"end":{"line":17,"column":null}},"line":17}},"branchMap":{"0":{"loc":{"start":{"line":16,"column":52},"end":{"line":16,"column":134}},"type":"cond-expr","locations":[{"start":{"line":16,"column":93},"end":{"line":16,"column":121}},{"start":{"line":16,"column":121},"end":{"line":16,"column":134}}],"line":16},"1":{"loc":{"start":{"line":16,"column":52},"end":{"line":16,"column":93}},"type":"binary-expr","locations":[{"start":{"line":16,"column":52},"end":{"line":16,"column":71}},{"start":{"line":16,"column":71},"end":{"line":16,"column":93}}],"line":16},"2":{"loc":{"start":{"line":20,"column":13},"end":{"line":20,"column":null}},"type":"cond-expr","locations":[{"start":{"line":20,"column":54},"end":{"line":20,"column":68}},{"start":{"line":20,"column":68},"end":{"line":20,"column":null}}],"line":20},"3":{"loc":{"start":{"line":20,"column":13},"end":{"line":20,"column":54}},"type":"binary-expr","locations":[{"start":{"line":20,"column":13},"end":{"line":20,"column":32}},{"start":{"line":20,"column":32},"end":{"line":20,"column":54}}],"line":20},"4":{"loc":{"start":{"line":22,"column":64},"end":{"line":22,"column":87}},"type":"binary-expr","locations":[{"start":{"line":22,"column":64},"end":{"line":22,"column":85}},{"start":{"line":22,"column":85},"end":{"line":22,"column":87}}],"line":22},"5":{"loc":{"start":{"line":22,"column":89},"end":{"line":22,"column":109}},"type":"binary-expr","locations":[{"start":{"line":22,"column":89},"end":{"line":22,"column":107}},{"start":{"line":22,"column":107},"end":{"line":22,"column":109}}],"line":22}},"s":{"0":15,"1":15,"2":1},"f":{"0":15,"1":1},"b":{"0":[1,14],"1":[15,1],"2":[1,14],"3":[15,1],"4":[15,15],"5":[15,15]},"meta":{"lastBranch":6,"lastFunction":2,"lastStatement":3,"seen":{"f:5:24:5:33":0,"s:6:19:6:Infinity":0,"s:7:2:25:Infinity":1,"b:16:93:16:121:16:121:16:134":0,"b:16:52:16:71:16:71:16:93":1,"f:17:21:17:27":1,"s:17:27:17:Infinity":2,"b:20:54:20:68:20:68:20:Infinity":2,"b:20:13:20:32:20:32:20:54":3,"b:22:64:22:85:22:85:22:87":4,"b:22:89:22:107:22:107:22:109":5}}}
,"C:\\Users\\v-tianji\\Desktop\\ghcpd\\oswe-mini-prime-new\\vocab-app\\src\\data\\mockWords.ts": {"path":"C:\\Users\\v-tianji\\Desktop\\ghcpd\\oswe-mini-prime-new\\vocab-app\\src\\data\\mockWords.ts","statementMap":{"0":{"start":{"line":3,"column":34},"end":{"line":9,"column":null}}},"fnMap":{},"branchMap":{},"s":{"0":3},"f":{},"b":{},"meta":{"lastBranch":0,"lastFunction":0,"lastStatement":1,"seen":{"s:3:34:9:Infinity":0}}}
,"C:\\Users\\v-tianji\\Desktop\\ghcpd\\oswe-mini-prime-new\\vocab-app\\src\\state\\store.tsx": {"path":"C:\\Users\\v-tianji\\Desktop\\ghcpd\\oswe-mini-prime-new\\vocab-app\\src\\state\\store.tsx","statementMap":{"0":{"start":{"line":5,"column":31},"end":{"line":8,"column":null}},"1":{"start":{"line":11,"column":2},"end":{"line":36,"column":null}},"2":{"start":{"line":13,"column":20},"end":{"line":15,"column":null}},"3":{"start":{"line":14,"column":8},"end":{"line":14,"column":null}},"4":{"start":{"line":16,"column":26},"end":{"line":16,"column":null}},"5":{"start":{"line":16,"column":39},"end":{"line":16,"column":67}},"6":{"start":{"line":16,"column":78},"end":{"line":16,"column":82}},"7":{"start":{"line":17,"column":6},"end":{"line":17,"column":null}},"8":{"start":{"line":20,"column":20},"end":{"line":28,"column":null}},"9":{"start":{"line":21,"column":8},"end":{"line":21,"column":null}},"10":{"start":{"line":21,"column":32},"end":{"line":21,"column":null}},"11":{"start":{"line":22,"column":14},"end":{"line":22,"column":null}},"12":{"start":{"line":23,"column":14},"end":{"line":23,"column":null}},"13":{"start":{"line":24,"column":25},"end":{"line":24,"column":null}},"14":{"start":{"line":25,"column":8},"end":{"line":26,"column":null}},"15":{"start":{"line":25,"column":29},"end":{"line":25,"column":null}},"16":{"start":{"line":26,"column":13},"end":{"line":26,"column":null}},"17":{"start":{"line":27,"column":8},"end":{"line":27,"column":null}},"18":{"start":{"line":29,"column":26},"end":{"line":29,"column":null}},"19":{"start":{"line":29,"column":39},"end":{"line":29,"column":67}},"20":{"start":{"line":29,"column":78},"end":{"line":29,"column":82}},"21":{"start":{"line":30,"column":6},"end":{"line":30,"column":null}},"22":{"start":{"line":33,"column":6},"end":{"line":33,"column":null}},"23":{"start":{"line":35,"column":6},"end":{"line":35,"column":null}},"24":{"start":{"line":39,"column":6},"end":{"line":39,"column":null}},"25":{"start":{"line":41,"column":70},"end":{"line":44,"column":null}},"26":{"start":{"line":42,"column":24},"end":{"line":42,"column":null}},"27":{"start":{"line":43,"column":2},"end":{"line":43,"column":null}},"28":{"start":{"line":47,"column":8},"end":{"line":47,"column":null}},"29":{"start":{"line":48,"column":2},"end":{"line":48,"column":null}},"30":{"start":{"line":48,"column":12},"end":{"line":48,"column":null}},"31":{"start":{"line":49,"column":2},"end":{"line":49,"column":null}}},"fnMap":{"0":{"name":"reducer","decl":{"start":{"line":10,"column":9},"end":{"line":10,"column":17}},"loc":{"start":{"line":10,"column":60},"end":{"line":37,"column":null}},"line":10},"1":{"name":"(anonymous_1)","decl":{"start":{"line":13,"column":36},"end":{"line":13,"column":null}},"loc":{"start":{"line":14,"column":8},"end":{"line":14,"column":null}},"line":14},"2":{"name":"(anonymous_2)","decl":{"start":{"line":16,"column":39},"end":{"line":16,"column":45}},"loc":{"start":{"line":16,"column":39},"end":{"line":16,"column":67}},"line":16},"3":{"name":"(anonymous_3)","decl":{"start":{"line":16,"column":73},"end":{"line":16,"column":78}},"loc":{"start":{"line":16,"column":78},"end":{"line":16,"column":82}},"line":16},"4":{"name":"(anonymous_4)","decl":{"start":{"line":20,"column":36},"end":{"line":20,"column":41}},"loc":{"start":{"line":20,"column":41},"end":{"line":28,"column":7}},"line":20},"5":{"name":"(anonymous_5)","decl":{"start":{"line":29,"column":39},"end":{"line":29,"column":45}},"loc":{"start":{"line":29,"column":39},"end":{"line":29,"column":67}},"line":29},"6":{"name":"(anonymous_6)","decl":{"start":{"line":29,"column":73},"end":{"line":29,"column":78}},"loc":{"start":{"line":29,"column":78},"end":{"line":29,"column":82}},"line":29},"7":{"name":"(anonymous_7)","decl":{"start":{"line":41,"column":70},"end":{"line":41,"column":71}},"loc":{"start":{"line":41,"column":88},"end":{"line":44,"column":null}},"line":41},"8":{"name":"useStore","decl":{"start":{"line":46,"column":16},"end":{"line":46,"column":27}},"loc":{"start":{"line":46,"column":27},"end":{"line":50,"column":null}},"line":46}},"branchMap":{"0":{"loc":{"start":{"line":11,"column":2},"end":{"line":36,"column":null}},"type":"switch","locations":[{"start":{"line":12,"column":4},"end":{"line":18,"column":null}},{"start":{"line":19,"column":4},"end":{"line":31,"column":null}},{"start":{"line":32,"column":4},"end":{"line":33,"column":null}},{"start":{"line":34,"column":4},"end":{"line":35,"column":null}}],"line":11},"1":{"loc":{"start":{"line":14,"column":8},"end":{"line":14,"column":null}},"type":"cond-expr","locations":[{"start":{"line":14,"column":29},"end":{"line":14,"column":85}},{"start":{"line":14,"column":85},"end":{"line":14,"column":null}}],"line":14},"2":{"loc":{"start":{"line":14,"column":37},"end":{"line":14,"column":81}},"type":"cond-expr","locations":[{"start":{"line":14,"column":75},"end":{"line":14,"column":79}},{"start":{"line":14,"column":79},"end":{"line":14,"column":81}}],"line":14},"3":{"loc":{"start":{"line":14,"column":50},"end":{"line":14,"column":71}},"type":"binary-expr","locations":[{"start":{"line":14,"column":50},"end":{"line":14,"column":66}},{"start":{"line":14,"column":66},"end":{"line":14,"column":71}}],"line":14},"4":{"loc":{"start":{"line":16,"column":45},"end":{"line":16,"column":66}},"type":"binary-expr","locations":[{"start":{"line":16,"column":45},"end":{"line":16,"column":61}},{"start":{"line":16,"column":61},"end":{"line":16,"column":66}}],"line":16},"5":{"loc":{"start":{"line":21,"column":8},"end":{"line":21,"column":null}},"type":"if","locations":[{"start":{"line":21,"column":8},"end":{"line":21,"column":null}},{"start":{},"end":{}}],"line":21},"6":{"loc":{"start":{"line":22,"column":27},"end":{"line":22,"column":47}},"type":"binary-expr","locations":[{"start":{"line":22,"column":27},"end":{"line":22,"column":42}},{"start":{"line":22,"column":42},"end":{"line":22,"column":47}}],"line":22},"7":{"loc":{"start":{"line":23,"column":30},"end":{"line":23,"column":54}},"type":"binary-expr","locations":[{"start":{"line":23,"column":30},"end":{"line":23,"column":48}},{"start":{"line":23,"column":48},"end":{"line":23,"column":54}}],"line":23},"8":{"loc":{"start":{"line":23,"column":54},"end":{"line":23,"column":null}},"type":"cond-expr","locations":[{"start":{"line":23,"column":71},"end":{"line":23,"column":75}},{"start":{"line":23,"column":75},"end":{"line":23,"column":null}}],"line":23},"9":{"loc":{"start":{"line":24,"column":25},"end":{"line":24,"column":null}},"type":"binary-expr","locations":[{"start":{"line":24,"column":25},"end":{"line":24,"column":41}},{"start":{"line":24,"column":41},"end":{"line":24,"column":null}}],"line":24},"10":{"loc":{"start":{"line":25,"column":8},"end":{"line":26,"column":null}},"type":"if","locations":[{"start":{"line":25,"column":8},"end":{"line":26,"column":null}},{"start":{"line":26,"column":13},"end":{"line":26,"column":null}}],"line":25},"11":{"loc":{"start":{"line":29,"column":45},"end":{"line":29,"column":66}},"type":"binary-expr","locations":[{"start":{"line":29,"column":45},"end":{"line":29,"column":61}},{"start":{"line":29,"column":61},"end":{"line":29,"column":66}}],"line":29},"12":{"loc":{"start":{"line":48,"column":2},"end":{"line":48,"column":null}},"type":"if","locations":[{"start":{"line":48,"column":2},"end":{"line":48,"column":null}},{"start":{},"end":{}}],"line":48}},"s":{"0":3,"1":6,"2":3,"3":15,"4":3,"5":15,"6":2,"7":3,"8":2,"9":10,"10":8,"11":2,"12":10,"13":10,"14":10,"15":2,"16":0,"17":2,"18":2,"19":10,"20":2,"21":2,"22":1,"23":0,"24":3,"25":3,"26":5,"27":5,"28":19,"29":19,"30":0,"31":19},"f":{"0":6,"1":15,"2":15,"3":2,"4":10,"5":10,"6":2,"7":5,"8":19},"b":{"0":[3,2,1,0],"1":[3,12],"2":[1,2],"3":[3,2],"4":[15,13],"5":[8,2],"6":[2,2],"7":[10,2],"8":[0,2],"9":[10,2],"10":[2,0],"11":[10,8],"12":[0,19]},"meta":{"lastBranch":13,"lastFunction":9,"lastStatement":32,"seen":{"s:5:31:8:Infinity":0,"f:10:9:10:17":0,"b:12:4:18:Infinity:19:4:31:Infinity:32:4:33:Infinity:34:4:35:Infinity":0,"s:11:2:36:Infinity":1,"s:13:20:15:Infinity":2,"f:13:36:13:Infinity":1,"s:14:8:14:Infinity":3,"b:14:29:14:85:14:85:14:Infinity":1,"b:14:75:14:79:14:79:14:81":2,"b:14:50:14:66:14:66:14:71":3,"s:16:26:16:Infinity":4,"f:16:39:16:45":2,"s:16:39:16:67":5,"b:16:45:16:61:16:61:16:66":4,"f:16:73:16:78":3,"s:16:78:16:82":6,"s:17:6:17:Infinity":7,"s:20:20:28:Infinity":8,"f:20:36:20:41":4,"b:21:8:21:Infinity:undefined:undefined:undefined:undefined":5,"s:21:8:21:Infinity":9,"s:21:32:21:Infinity":10,"s:22:14:22:Infinity":11,"b:22:27:22:42:22:42:22:47":6,"s:23:14:23:Infinity":12,"b:23:30:23:48:23:48:23:54":7,"b:23:71:23:75:23:75:23:Infinity":8,"s:24:25:24:Infinity":13,"b:24:25:24:41:24:41:24:Infinity":9,"b:25:8:26:Infinity:26:13:26:Infinity":10,"s:25:8:26:Infinity":14,"s:25:29:25:Infinity":15,"s:26:13:26:Infinity":16,"s:27:8:27:Infinity":17,"s:29:26:29:Infinity":18,"f:29:39:29:45":5,"s:29:39:29:67":19,"b:29:45:29:61:29:61:29:66":11,"f:29:73:29:78":6,"s:29:78:29:82":20,"s:30:6:30:Infinity":21,"s:33:6:33:Infinity":22,"s:35:6:35:Infinity":23,"s:39:6:39:Infinity":24,"s:41:70:44:Infinity":25,"f:41:70:41:71":7,"s:42:24:42:Infinity":26,"s:43:2:43:Infinity":27,"f:46:16:46:27":8,"s:47:8:47:Infinity":28,"b:48:2:48:Infinity:undefined:undefined:undefined:undefined":12,"s:48:2:48:Infinity":29,"s:48:12:48:Infinity":30,"s:49:2:49:Infinity":31}}}
,"C:\\Users\\v-tianji\\Desktop\\ghcpd\\oswe-mini-prime-new\\vocab-app\\src\\views\\QuizView.tsx": {"path":"C:\\Users\\v-tianji\\Desktop\\ghcpd\\oswe-mini-prime-new\\vocab-app\\src\\views\\QuizView.tsx","statementMap":{"0":{"start":{"line":5,"column":2},"end":{"line":5,"column":null}},"1":{"start":{"line":5,"column":32},"end":{"line":5,"column":51}},"2":{"start":{"line":9,"column":26},"end":{"line":9,"column":null}},"3":{"start":{"line":10,"column":20},"end":{"line":10,"column":null}},"4":{"start":{"line":11,"column":32},"end":{"line":11,"column":null}},"5":{"start":{"line":12,"column":16},"end":{"line":12,"column":null}},"6":{"start":{"line":13,"column":12},"end":{"line":13,"column":null}},"7":{"start":{"line":14,"column":2},"end":{"line":14,"column":null}},"8":{"start":{"line":14,"column":10},"end":{"line":14,"column":null}},"9":{"start":{"line":16,"column":18},"end":{"line":20,"column":null}},"10":{"start":{"line":17,"column":19},"end":{"line":17,"column":null}},"11":{"start":{"line":17,"column":37},"end":{"line":17,"column":50}},"12":{"start":{"line":18,"column":19},"end":{"line":18,"column":null}},"13":{"start":{"line":18,"column":73},"end":{"line":18,"column":85}},"14":{"start":{"line":19,"column":4},"end":{"line":19,"column":null}},"15":{"start":{"line":23,"column":4},"end":{"line":23,"column":null}},"16":{"start":{"line":23,"column":28},"end":{"line":23,"column":null}},"17":{"start":{"line":24,"column":20},"end":{"line":24,"column":null}},"18":{"start":{"line":25,"column":4},"end":{"line":25,"column":null}},"19":{"start":{"line":26,"column":4},"end":{"line":26,"column":null}},"20":{"start":{"line":27,"column":4},"end":{"line":27,"column":null}},"21":{"start":{"line":27,"column":11},"end":{"line":27,"column":38}},"22":{"start":{"line":30,"column":2},"end":{"line":51,"column":null}},"23":{"start":{"line":37,"column":12},"end":{"line":43,"column":null}},"24":{"start":{"line":40,"column":29},"end":{"line":40,"column":null}},"25":{"start":{"line":47,"column":75},"end":{"line":47,"column":110}},"26":{"start":{"line":47,"column":89},"end":{"line":47,"column":107}}},"fnMap":{"0":{"name":"shuffle","decl":{"start":{"line":4,"column":9},"end":{"line":4,"column":20}},"loc":{"start":{"line":4,"column":30},"end":{"line":6,"column":null}},"line":4},"1":{"name":"(anonymous_1)","decl":{"start":{"line":5,"column":26},"end":{"line":5,"column":32}},"loc":{"start":{"line":5,"column":32},"end":{"line":5,"column":51}},"line":5},"2":{"name":"QuizView","decl":{"start":{"line":8,"column":24},"end":{"line":8,"column":35}},"loc":{"start":{"line":8,"column":35},"end":{"line":53,"column":null}},"line":8},"3":{"name":"(anonymous_3)","decl":{"start":{"line":16,"column":32},"end":{"line":16,"column":38}},"loc":{"start":{"line":16,"column":38},"end":{"line":20,"column":5}},"line":16},"4":{"name":"(anonymous_4)","decl":{"start":{"line":17,"column":32},"end":{"line":17,"column":37}},"loc":{"start":{"line":17,"column":37},"end":{"line":17,"column":50}},"line":17},"5":{"name":"(anonymous_5)","decl":{"start":{"line":18,"column":68},"end":{"line":18,"column":73}},"loc":{"start":{"line":18,"column":73},"end":{"line":18,"column":85}},"line":18},"6":{"name":"submit","decl":{"start":{"line":22,"column":11},"end":{"line":22,"column":20}},"loc":{"start":{"line":22,"column":20},"end":{"line":28,"column":null}},"line":22},"7":{"name":"(anonymous_7)","decl":{"start":{"line":27,"column":11},"end":{"line":27,"column":17}},"loc":{"start":{"line":27,"column":11},"end":{"line":27,"column":38}},"line":27},"8":{"name":"(anonymous_8)","decl":{"start":{"line":36,"column":23},"end":{"line":36,"column":24}},"loc":{"start":{"line":37,"column":12},"end":{"line":43,"column":null}},"line":37},"9":{"name":"(anonymous_9)","decl":{"start":{"line":40,"column":23},"end":{"line":40,"column":29}},"loc":{"start":{"line":40,"column":29},"end":{"line":40,"column":null}},"line":40},"10":{"name":"(anonymous_10)","decl":{"start":{"line":47,"column":69},"end":{"line":47,"column":75}},"loc":{"start":{"line":47,"column":75},"end":{"line":47,"column":110}},"line":47},"11":{"name":"(anonymous_11)","decl":{"start":{"line":47,"column":82},"end":{"line":47,"column":83}},"loc":{"start":{"line":47,"column":89},"end":{"line":47,"column":107}},"line":47}},"branchMap":{"0":{"loc":{"start":{"line":14,"column":2},"end":{"line":14,"column":null}},"type":"if","locations":[{"start":{"line":14,"column":2},"end":{"line":14,"column":null}},{"start":{},"end":{}}],"line":14},"1":{"loc":{"start":{"line":23,"column":4},"end":{"line":23,"column":null}},"type":"if","locations":[{"start":{"line":23,"column":4},"end":{"line":23,"column":null}},{"start":{},"end":{}}],"line":23},"2":{"loc":{"start":{"line":39,"column":57},"end":{"line":39,"column":104}},"type":"cond-expr","locations":[{"start":{"line":39,"column":75},"end":{"line":39,"column":92}},{"start":{"line":39,"column":92},"end":{"line":39,"column":104}}],"line":39}},"s":{"0":0,"1":0,"2":0,"3":0,"4":0,"5":0,"6":0,"7":0,"8":0,"9":0,"10":0,"11":0,"12":0,"13":0,"14":0,"15":0,"16":0,"17":0,"18":0,"19":0,"20":0,"21":0,"22":0,"23":0,"24":0,"25":0,"26":0},"f":{"0":0,"1":0,"2":0,"3":0,"4":0,"5":0,"6":0,"7":0,"8":0,"9":0,"10":0,"11":0},"b":{"0":[0,0],"1":[0,0],"2":[0,0]},"meta":{"lastBranch":3,"lastFunction":12,"lastStatement":27,"seen":{"f:4:9:4:20":0,"s:5:2:5:Infinity":0,"f:5:26:5:32":1,"s:5:32:5:51":1,"f:8:24:8:35":2,"s:9:26:9:Infinity":2,"s:10:20:10:Infinity":3,"s:11:32:11:Infinity":4,"s:12:16:12:Infinity":5,"s:13:12:13:Infinity":6,"b:14:2:14:Infinity:undefined:undefined:undefined:undefined":0,"s:14:2:14:Infinity":7,"s:14:10:14:Infinity":8,"s:16:18:20:Infinity":9,"f:16:32:16:38":3,"s:17:19:17:Infinity":10,"f:17:32:17:37":4,"s:17:37:17:50":11,"s:18:19:18:Infinity":12,"f:18:68:18:73":5,"s:18:73:18:85":13,"s:19:4:19:Infinity":14,"f:22:11:22:20":6,"b:23:4:23:Infinity:undefined:undefined:undefined:undefined":1,"s:23:4:23:Infinity":15,"s:23:28:23:Infinity":16,"s:24:20:24:Infinity":17,"s:25:4:25:Infinity":18,"s:26:4:26:Infinity":19,"s:27:4:27:Infinity":20,"f:27:11:27:17":7,"s:27:11:27:38":21,"s:30:2:51:Infinity":22,"f:36:23:36:24":8,"s:37:12:43:Infinity":23,"b:39:75:39:92:39:92:39:104":2,"f:40:23:40:29":9,"s:40:29:40:Infinity":24,"f:47:69:47:75":10,"s:47:75:47:110":25,"f:47:82:47:83":11,"s:47:89:47:107":26}}}
,"C:\\Users\\v-tianji\\Desktop\\ghcpd\\oswe-mini-prime-new\\vocab-app\\src\\views\\ReviewView.tsx": {"path":"C:\\Users\\v-tianji\\Desktop\\ghcpd\\oswe-mini-prime-new\\vocab-app\\src\\views\\ReviewView.tsx","statementMap":{"0":{"start":{"line":5,"column":16},"end":{"line":5,"column":null}},"1":{"start":{"line":6,"column":17},"end":{"line":6,"column":null}},"2":{"start":{"line":6,"column":36},"end":{"line":6,"column":64}},"3":{"start":{"line":7,"column":2},"end":{"line":27,"column":null}},"4":{"start":{"line":15,"column":12},"end":{"line":23,"column":null}}},"fnMap":{"0":{"name":"ReviewView","decl":{"start":{"line":4,"column":24},"end":{"line":4,"column":37}},"loc":{"start":{"line":4,"column":37},"end":{"line":29,"column":null}},"line":4},"1":{"name":"(anonymous_1)","decl":{"start":{"line":6,"column":36},"end":{"line":6,"column":42}},"loc":{"start":{"line":6,"column":36},"end":{"line":6,"column":64}},"line":6},"2":{"name":"(anonymous_2)","decl":{"start":{"line":14,"column":22},"end":{"line":14,"column":null}},"loc":{"start":{"line":15,"column":12},"end":{"line":23,"column":null}},"line":15}},"branchMap":{"0":{"loc":{"start":{"line":6,"column":42},"end":{"line":6,"column":63}},"type":"binary-expr","locations":[{"start":{"line":6,"column":42},"end":{"line":6,"column":58}},{"start":{"line":6,"column":58},"end":{"line":6,"column":63}}],"line":6},"1":{"loc":{"start":{"line":10,"column":7},"end":{"line":25,"column":null}},"type":"cond-expr","locations":[{"start":{"line":11,"column":8},"end":{"line":11,"column":null}},{"start":{"line":13,"column":8},"end":{"line":25,"column":null}}],"line":10}},"s":{"0":1,"1":1,"2":5,"3":1,"4":1},"f":{"0":1,"1":5,"2":1},"b":{"0":[5,4],"1":[0,1]},"meta":{"lastBranch":2,"lastFunction":3,"lastStatement":5,"seen":{"f:4:24:4:37":0,"s:5:16:5:Infinity":0,"s:6:17:6:Infinity":1,"f:6:36:6:42":1,"s:6:36:6:64":2,"b:6:42:6:58:6:58:6:63":0,"s:7:2:27:Infinity":3,"b:11:8:11:Infinity:13:8:25:Infinity":1,"f:14:22:14:Infinity":2,"s:15:12:23:Infinity":4}}}
,"C:\\Users\\v-tianji\\Desktop\\ghcpd\\oswe-mini-prime-new\\vocab-app\\src\\views\\StudyView.tsx": {"path":"C:\\Users\\v-tianji\\Desktop\\ghcpd\\oswe-mini-prime-new\\vocab-app\\src\\views\\StudyView.tsx","statementMap":{"0":{"start":{"line":5,"column":26},"end":{"line":5,"column":null}},"1":{"start":{"line":6,"column":20},"end":{"line":6,"column":null}},"2":{"start":{"line":7,"column":16},"end":{"line":7,"column":null}},"3":{"start":{"line":8,"column":12},"end":{"line":8,"column":null}},"4":{"start":{"line":9,"column":2},"end":{"line":9,"column":null}},"5":{"start":{"line":9,"column":10},"end":{"line":9,"column":null}},"6":{"start":{"line":11,"column":2},"end":{"line":36,"column":null}},"7":{"start":{"line":18,"column":75},"end":{"line":18,"column":110}},"8":{"start":{"line":18,"column":89},"end":{"line":18,"column":107}},"9":{"start":{"line":23,"column":27},"end":{"line":23,"column":null}},"10":{"start":{"line":23,"column":41},"end":{"line":23,"column":74}},"11":{"start":{"line":29,"column":27},"end":{"line":29,"column":null}}},"fnMap":{"0":{"name":"StudyView","decl":{"start":{"line":4,"column":24},"end":{"line":4,"column":36}},"loc":{"start":{"line":4,"column":36},"end":{"line":38,"column":null}},"line":4},"1":{"name":"(anonymous_1)","decl":{"start":{"line":18,"column":69},"end":{"line":18,"column":75}},"loc":{"start":{"line":18,"column":75},"end":{"line":18,"column":110}},"line":18},"2":{"name":"(anonymous_2)","decl":{"start":{"line":18,"column":82},"end":{"line":18,"column":83}},"loc":{"start":{"line":18,"column":89},"end":{"line":18,"column":107}},"line":18},"3":{"name":"(anonymous_3)","decl":{"start":{"line":23,"column":21},"end":{"line":23,"column":27}},"loc":{"start":{"line":23,"column":27},"end":{"line":23,"column":null}},"line":23},"4":{"name":"(anonymous_4)","decl":{"start":{"line":23,"column":34},"end":{"line":23,"column":35}},"loc":{"start":{"line":23,"column":41},"end":{"line":23,"column":74}},"line":23},"5":{"name":"(anonymous_5)","decl":{"start":{"line":29,"column":21},"end":{"line":29,"column":27}},"loc":{"start":{"line":29,"column":27},"end":{"line":29,"column":null}},"line":29}},"branchMap":{"0":{"loc":{"start":{"line":9,"column":2},"end":{"line":9,"column":null}},"type":"if","locations":[{"start":{"line":9,"column":2},"end":{"line":9,"column":null}},{"start":{},"end":{}}],"line":9}},"s":{"0":0,"1":0,"2":0,"3":0,"4":0,"5":0,"6":0,"7":0,"8":0,"9":0,"10":0,"11":0},"f":{"0":0,"1":0,"2":0,"3":0,"4":0,"5":0},"b":{"0":[0,0]},"meta":{"lastBranch":1,"lastFunction":6,"lastStatement":12,"seen":{"f:4:24:4:36":0,"s:5:26:5:Infinity":0,"s:6:20:6:Infinity":1,"s:7:16:7:Infinity":2,"s:8:12:8:Infinity":3,"b:9:2:9:Infinity:undefined:undefined:undefined:undefined":0,"s:9:2:9:Infinity":4,"s:9:10:9:Infinity":5,"s:11:2:36:Infinity":6,"f:18:69:18:75":1,"s:18:75:18:110":7,"f:18:82:18:83":2,"s:18:89:18:107":8,"f:23:21:23:27":3,"s:23:27:23:Infinity":9,"f:23:34:23:35":4,"s:23:41:23:74":10,"f:29:21:29:27":5,"s:29:27:29:Infinity":11}}}
,"C:\\Users\\v-tianji\\Desktop\\ghcpd\\oswe-mini-prime-new\\vocab-app\\src\\views\\WordListView.tsx": {"path":"C:\\Users\\v-tianji\\Desktop\\ghcpd\\oswe-mini-prime-new\\vocab-app\\src\\views\\WordListView.tsx","statementMap":{"0":{"start":{"line":6,"column":16},"end":{"line":6,"column":null}},"1":{"start":{"line":7,"column":2},"end":{"line":15,"column":null}},"2":{"start":{"line":12,"column":10},"end":{"line":12,"column":null}}},"fnMap":{"0":{"name":"WordListView","decl":{"start":{"line":5,"column":24},"end":{"line":5,"column":39}},"loc":{"start":{"line":5,"column":39},"end":{"line":17,"column":null}},"line":5},"1":{"name":"(anonymous_1)","decl":{"start":{"line":11,"column":25},"end":{"line":11,"column":null}},"loc":{"start":{"line":12,"column":10},"end":{"line":12,"column":null}},"line":12}},"branchMap":{},"s":{"0":3,"1":3,"2":15},"f":{"0":3,"1":15},"b":{},"meta":{"lastBranch":0,"lastFunction":2,"lastStatement":3,"seen":{"f:5:24:5:39":0,"s:6:16:6:Infinity":0,"s:7:2:15:Infinity":1,"f:11:25:11:Infinity":1,"s:12:10:12:Infinity":2}}}
}
